TN:
SF:components/base.ts
FN:32,(anonymous_9)
FN:60,(anonymous_10)
FN:70,(anonymous_11)
FN:82,(anonymous_12)
FN:91,validateRequired
FN:101,validateRegion
FNF:6
FNH:5
FNDA:4,(anonymous_9)
FNDA:0,(anonymous_10)
FNDA:1,(anonymous_11)
FNDA:5,(anonymous_12)
FNDA:3,validateRequired
FNDA:6,validateRegion
DA:1,1
DA:2,1
DA:28,1
DA:38,4
DA:41,4
DA:44,4
DA:51,4
DA:61,0
DA:62,0
DA:71,1
DA:81,1
DA:83,5
DA:84,5
DA:91,1
DA:92,3
DA:93,2
DA:95,1
DA:101,1
DA:102,6
DA:103,6
DA:104,3
LF:21
LH:19
BRDA:41,0,0,4
BRDA:41,0,1,3
BRDA:61,1,0,0
BRDA:61,1,1,0
BRDA:92,2,0,2
BRDA:92,3,0,3
BRDA:92,3,1,2
BRDA:103,4,0,3
BRF:8
BRH:6
end_of_record
TN:
SF:components/index.ts
FNF:0
FNH:0
DA:7,0
DA:8,0
DA:20,0
LF:3
LH:0
BRF:0
BRH:0
end_of_record
TN:
SF:components/transitGateway.ts
FN:13,(anonymous_9)
FNF:1
FNH:0
FNDA:0,(anonymous_9)
DA:1,0
DA:2,0
DA:10,0
DA:14,0
DA:16,0
DA:27,0
LF:6
LH:0
BRDA:13,0,0,0
BRDA:17,1,0,0
BRDA:17,1,1,0
BRDA:18,2,0,0
BRDA:18,2,1,0
BRDA:24,3,0,0
BRDA:24,3,1,0
BRF:7
BRH:0
end_of_record
